/hpc/group/tdunn/as1296/miniconda3/envs/diffusion_lang/lib/python3.10/site-packages/transformers/utils/hub.py:110: FutureWarning: Using `TRANSFORMERS_CACHE` is deprecated and will be removed in v5 of Transformers. Use `HF_HOME` instead.
  warnings.warn(
`torch_dtype` is deprecated! Use `dtype` instead!
[eval_kakuro] Loading model: GSAI-ML/LLaDA-8B-Instruct
Loading checkpoint shards:   0%|          | 0/6 [00:00<?, ?it/s]Loading checkpoint shards: 100%|██████████| 6/6 [00:00<00:00, 109.40it/s]

──────────────────────────────────────────────────────────────────────
  Difficulty : EASY    few-shot : 0
──────────────────────────────────────────────────────────────────────
  Loading dataset ...
  [KakuroGrid] Loading from HuggingFace: Apaxdor/Kakuro_mania (subset=default, split=train, streaming=True)
  Loaded 110 [easy] problems.
  Test set   : 10 problems
  [easy]:   0%|          | 0/3 [00:00<?, ?it/s]
  [easy] n=     4  parse_fail=    4 (100.0%)  cell=0.0000  board=0.0000  row=0.0000  col=0.0000
  [easy]:  33%|███▎      | 1/3 [03:07<06:14, 187.29s/it]
  [easy] n=     8  parse_fail=    8 (100.0%)  cell=0.0000  board=0.0000  row=0.0000  col=0.0000
  [easy]:  67%|██████▋   | 2/3 [06:16<03:08, 188.13s/it]
  [easy] n=    10  parse_fail=   10 (100.0%)  cell=0.0000  board=0.0000  row=0.0000  col=0.0000
  [easy]: 100%|██████████| 3/3 [07:53<00:00, 146.81s/it]  [easy]: 100%|██████████| 3/3 [07:53<00:00, 157.88s/it]

  Results -- easy (0shot)
  Evaluated           :         10
  Parse failures      :         10  (100.0%)
  Cell accuracy       :     0.0000
  Board accuracy      :     0.0000
  Row accuracy        :     0.0000
  Col accuracy        :     0.0000
  Wall time           :      473.7s

  Saving to results_kakuro/llada_0shot/
    -> results_kakuro/llada_0shot/easy_0shot.summary.json
    -> results_kakuro/llada_0shot/easy_0shot.per_sample.jsonl
    -> results_kakuro/llada_0shot/easy_0shot.samples.json
    -> results_kakuro/llada_0shot/easy_0shot.samples.txt

======================================================================
  Combined summary -> results_kakuro/llada_0shot/combined_0shot.json
  Total wall time  : 480.2s
======================================================================

