/hpc/group/tdunn/as1296/miniconda3/envs/diffusion_lang/lib/python3.10/site-packages/transformers/utils/hub.py:110: FutureWarning: Using `TRANSFORMERS_CACHE` is deprecated and will be removed in v5 of Transformers. Use `HF_HOME` instead.
  warnings.warn(
`torch_dtype` is deprecated! Use `dtype` instead!
[eval_kakuro] Loading model: Dream-org/Dream-v0-Instruct-7B
Loading checkpoint shards:   0%|          | 0/4 [00:00<?, ?it/s]Loading checkpoint shards: 100%|██████████| 4/4 [00:00<00:00, 107.13it/s]
The following generation flags are not valid and may be ignored: ['temperature']. Set `TRANSFORMERS_VERBOSITY=info` for more details.

──────────────────────────────────────────────────────────────────────
  Difficulty : MEDIUM    few-shot : 3
──────────────────────────────────────────────────────────────────────
  Loading dataset ...
  [KakuroGrid] Loading from HuggingFace: Apaxdor/Kakuro_mania (subset=default, split=train, streaming=True)
  Loaded 107 [medium] problems.
  Reserving 3 few-shot examples (excluded from test set).
  Test set (this run): 4 problems
  Total after completion: 4 / 4
  [medium]:   0%|          | 0/4 [00:00<?, ?it/s]
  [medium] n=     1  parse_fail=    1 (100.0%)  cell=0.0000  board=0.0000  row=0.0000  col=0.0000
  [medium]:  25%|██▌       | 1/4 [04:29<13:28, 269.37s/it]
  [medium] n=     2  parse_fail=    1 (50.0%)  cell=0.2250  board=0.0000  row=0.2000  col=0.0500
  [medium]:  50%|█████     | 2/4 [08:59<08:59, 269.83s/it]
  [medium] n=     3  parse_fail=    2 (66.7%)  cell=0.1500  board=0.0000  row=0.1333  col=0.0333
  [medium]:  75%|███████▌  | 3/4 [13:30<04:30, 270.51s/it]
  [medium] n=     4  parse_fail=    3 (75.0%)  cell=0.1125  board=0.0000  row=0.1000  col=0.0250
  [medium]: 100%|██████████| 4/4 [18:02<00:00, 270.82s/it]  [medium]: 100%|██████████| 4/4 [18:02<00:00, 270.53s/it]

  Results -- medium (3shot)
  Evaluated           :          4
  Parse failures      :          3  (75.0%)
  Cell accuracy       :     0.1125
  Board accuracy      :     0.0000
  Row accuracy        :     0.1000
  Col accuracy        :     0.0250
  Wall time           :     1082.1s

  Saving to results_kakuro/bm_dream_3shot/
    -> results_kakuro/bm_dream_3shot/medium_3shot.summary.json
    -> results_kakuro/bm_dream_3shot/medium_3shot.per_sample.jsonl
    -> results_kakuro/bm_dream_3shot/medium_3shot.samples.json
    -> results_kakuro/bm_dream_3shot/medium_3shot.samples.txt

======================================================================
  Combined summary -> results_kakuro/bm_dream_3shot/combined_3shot.json
  Total wall time  : 1085.2s
======================================================================

